<?xml version="1.0" encoding="UTF-8"?>
<testng-results ignored="0" total="1" passed="1" failed="0" skipped="0">
  <reporter-output>
  </reporter-output>
  <suite started-at="2021-03-12T12:48:02 IST" name="Default suite" finished-at="2021-03-12T12:49:05 IST" duration-ms="63765">
    <groups>
    </groups>
    <test started-at="2021-03-12T12:48:02 IST" name="Default test" finished-at="2021-03-12T12:49:05 IST" duration-ms="63765">
      <class name="admin.Configuration">
        <test-method is-config="true" signature="beforeTest()[pri:0, instance:admin.Configuration@d6e7bab]" started-at="2021-03-12T12:48:02 IST" name="beforeTest" finished-at="2021-03-12T12:48:04 IST" duration-ms="2871" status="PASS">
          <reporter-output>
          </reporter-output>
        </test-method> <!-- beforeTest -->
        <test-method signature="testcaseUpdateProfilesection(java.lang.String, java.lang.String, java.lang.String, java.lang.String, java.lang.String, java.lang.String, java.lang.String, java.lang.String, java.lang.String)[pri:0, instance:admin.Configuration@d6e7bab]" started-at="2021-03-12T12:48:05 IST" name="testcaseUpdateProfilesection" data-provider="getdata" finished-at="2021-03-12T12:49:04 IST" duration-ms="59971" status="PASS">
          <params>
            <param index="0">
              <value>
                <![CDATA[8130658504]]>
              </value>
            </param>
            <param index="1">
              <value>
                <![CDATA[password]]>
              </value>
            </param>
            <param index="2">
              <value>
                <![CDATA[Configuration]]>
              </value>
            </param>
            <param index="3">
              <value>
                <![CDATA[profile]]>
              </value>
            </param>
            <param index="4">
              <value>
                <![CDATA[Kaish Alam]]>
              </value>
            </param>
            <param index="5">
              <value>
                <![CDATA[Ansari]]>
              </value>
            </param>
            <param index="6">
              <value>
                <![CDATA[kabraekta03gmail.com]]>
              </value>
            </param>
            <param index="7">
              <value>
                <![CDATA[pw@2020]]>
              </value>
            </param>
            <param index="8">
              <value>
                <![CDATA[password]]>
              </value>
            </param>
          </params>
          <reporter-output>
          </reporter-output>
        </test-method> <!-- testcaseUpdateProfilesection -->
        <test-method is-config="true" signature="aftertest()[pri:0, instance:admin.Configuration@d6e7bab]" started-at="2021-03-12T12:49:05 IST" name="aftertest" finished-at="2021-03-12T12:49:05 IST" duration-ms="841" status="PASS">
          <reporter-output>
          </reporter-output>
        </test-method> <!-- aftertest -->
      </class> <!-- admin.Configuration -->
    </test> <!-- Default test -->
  </suite> <!-- Default suite -->
</testng-results>
